<?xml version="1.0" encoding="UTF-8"?>
<!-- Generated by org.testng.reporters.JUnitReportReporter -->
<testsuite hostname="DESKTOP-0U19TSL" name="Case.RegisterCase" tests="6" failures="0" timestamp="19 Jan 2020 15:14:17 GMT" time="5.769" errors="0">
  <testcase name="test" time="0.209" classname="Case.RegisterCase"/>
  <testcase name="test" time="0.300" classname="Case.RegisterCase"/>
  <testcase name="test" time="4.827" classname="Case.RegisterCase"/>
  <testcase name="test" time="0.142" classname="Case.RegisterCase"/>
  <testcase name="test" time="0.142" classname="Case.RegisterCase"/>
  <testcase name="test" time="0.149" classname="Case.RegisterCase"/>
</testsuite> <!-- Case.RegisterCase -->
