<?xml version="1.0" encoding="UTF-8"?>
<!-- Generated by org.testng.reporters.JUnitReportReporter -->
<testsuite hostname="DESKTOP-0U19TSL" name="Case.RechargeCase" tests="8" failures="0" timestamp="19 Jan 2020 15:14:17 GMT" time="4.691" errors="0">
  <testcase name="test" time="0.110" classname="Case.RechargeCase"/>
  <testcase name="test" time="3.862" classname="Case.RechargeCase"/>
  <testcase name="test" time="0.118" classname="Case.RechargeCase"/>
  <testcase name="test" time="0.130" classname="Case.RechargeCase"/>
  <testcase name="test" time="0.113" classname="Case.RechargeCase"/>
  <testcase name="test" time="0.115" classname="Case.RechargeCase"/>
  <testcase name="test" time="0.125" classname="Case.RechargeCase"/>
  <testcase name="test" time="0.118" classname="Case.RechargeCase"/>
</testsuite> <!-- Case.RechargeCase -->
