<?xml version="1.0" encoding="UTF-8"?>
<!-- Generated by org.testng.reporters.JUnitReportReporter -->
<testsuite hostname="DESKTOP-0U19TSL" name="Case.LoginCase" tests="5" failures="0" timestamp="19 Jan 2020 15:14:17 GMT" time="1.111" errors="0">
  <testcase name="test" time="0.118" classname="Case.LoginCase"/>
  <testcase name="test" time="0.293" classname="Case.LoginCase"/>
  <testcase name="test" time="0.114" classname="Case.LoginCase"/>
  <testcase name="test" time="0.271" classname="Case.LoginCase"/>
  <testcase name="test" time="0.315" classname="Case.LoginCase"/>
</testsuite> <!-- Case.LoginCase -->
